[33m Run successfully with command - python main.py -c 2001_infer --work_dir=./log/EfficinetGCNB0/lite_train_lite_infer/norm_train_gpus_0      !  [0m
[33m Run failed with command - python main.py -e -pp ./pretrain_model/xsub.pdparams --pretrained=./log/EfficinetGCNB0/lite_train_lite_infer/norm_train_gpus_0/latest.pdparams!  [0m
[33m Run failed with command - python main.py -c 2001 -ex -pp ./runs/best_model.pdparams --pretrained=./log/EfficinetGCNB0/lite_train_lite_infer/norm_train_gpus_0/latest.pdparams --save-inference-dir=./log/EfficinetGCNB0/lite_train_lite_infer/norm_train_gpus_0!  [0m
[33m Run failed with command - python infer.py --use-gpu=True --model-dir=./log/EfficinetGCNB0/lite_train_lite_infer/norm_train_gpus_0 --batch-size=10   --benchmark=True > ./log/EfficinetGCNB0/lite_train_lite_infer/python_infer_gpu_batchsize_10.log 2>&1 !  [0m
[33m Run failed with command - python infer.py --use-gpu=False --model-dir=./log/EfficinetGCNB0/lite_train_lite_infer/norm_train_gpus_0 --batch-size=10   --benchmark=True > ./log/EfficinetGCNB0/lite_train_lite_infer/python_infer_cpu_batchsize_10.log 2>&1 !  [0m
[33m Run failed with command - python main.py -c 2001_infer --work_dir=./log/EfficinetGCNB0/lite_train_lite_infer/norm_train_gpus_0      !  [0m
[33m Run failed with command - python main.py -e -pp ./pretrain_model/xsub.pdparams --pretrained=./log/EfficinetGCNB0/lite_train_lite_infer/norm_train_gpus_0/latest.pdparams!  [0m
[33m Run failed with command - python main.py -c 2001 -ex -pp ./runs/best_model.pdparams --pretrained=./log/EfficinetGCNB0/lite_train_lite_infer/norm_train_gpus_0/latest.pdparams --save-inference-dir=./log/EfficinetGCNB0/lite_train_lite_infer/norm_train_gpus_0!  [0m
[33m Run failed with command - python infer.py --use-gpu=True --model-dir=./log/EfficinetGCNB0/lite_train_lite_infer/norm_train_gpus_0 --batch-size=10   --benchmark=True > ./log/EfficinetGCNB0/lite_train_lite_infer/python_infer_gpu_batchsize_10.log 2>&1 !  [0m
[33m Run failed with command - python infer.py --use-gpu=False --model-dir=./log/EfficinetGCNB0/lite_train_lite_infer/norm_train_gpus_0 --batch-size=10   --benchmark=True > ./log/EfficinetGCNB0/lite_train_lite_infer/python_infer_cpu_batchsize_10.log 2>&1 !  [0m
[33m Run successfully with command - python main.py -c 2001_infer --work_dir=./log/EfficinetGCNB0/lite_train_lite_infer/norm_train_gpus_0      !  [0m
[33m Run failed with command - python main.py -e -pp ./pretrain_model/xsub.pdparams --pretrained=./log/EfficinetGCNB0/lite_train_lite_infer/norm_train_gpus_0/latest.pdparams!  [0m
[33m Run failed with command - python main.py -c 2001 -ex -pp ./runs/best_model.pdparams --pretrained=./log/EfficinetGCNB0/lite_train_lite_infer/norm_train_gpus_0/latest.pdparams --save-inference-dir=./log/EfficinetGCNB0/lite_train_lite_infer/norm_train_gpus_0!  [0m
[33m Run failed with command - python infer.py --use-gpu=True --model-dir=./log/EfficinetGCNB0/lite_train_lite_infer/norm_train_gpus_0 --batch-size=10   --benchmark=True > ./log/EfficinetGCNB0/lite_train_lite_infer/python_infer_gpu_batchsize_10.log 2>&1 !  [0m
[33m Run failed with command - python infer.py --use-gpu=False --model-dir=./log/EfficinetGCNB0/lite_train_lite_infer/norm_train_gpus_0 --batch-size=10   --benchmark=True > ./log/EfficinetGCNB0/lite_train_lite_infer/python_infer_cpu_batchsize_10.log 2>&1 !  [0m
[33m Run successfully with command - python main.py -c 2001_infer --work_dir=./log/EfficinetGCNB0/lite_train_lite_infer/norm_train_gpus_0      !  [0m
[33m Run successfully with command - python main.py -e -c 2001_infer --pretrained=./log/EfficinetGCNB0/lite_train_lite_infer/norm_train_gpus_0/model.pdparams!  [0m
[33m Run failed with command - python main.py -c 2001 -ex -pp ./runs/best_model.pdparams --pretrained=./log/EfficinetGCNB0/lite_train_lite_infer/norm_train_gpus_0/model.pdparams --save-inference-dir=./log/EfficinetGCNB0/lite_train_lite_infer/norm_train_gpus_0!  [0m
[33m Run failed with command - python infer.py --use-gpu=True --model-dir=./log/EfficinetGCNB0/lite_train_lite_infer/norm_train_gpus_0 --batch-size=10   --benchmark=True > ./log/EfficinetGCNB0/lite_train_lite_infer/python_infer_gpu_batchsize_10.log 2>&1 !  [0m
[33m Run failed with command - python infer.py --use-gpu=False --model-dir=./log/EfficinetGCNB0/lite_train_lite_infer/norm_train_gpus_0 --batch-size=10   --benchmark=True > ./log/EfficinetGCNB0/lite_train_lite_infer/python_infer_cpu_batchsize_10.log 2>&1 !  [0m
[33m Run successfully with command - python main.py -c 2001_infer --work_dir=./log/EfficinetGCNB0/lite_train_lite_infer/norm_train_gpus_0      !  [0m
[33m Run successfully with command - python main.py -e -c 2001_infer --pretrained=./log/EfficinetGCNB0/lite_train_lite_infer/norm_train_gpus_0/model.pdparams!  [0m
[33m Run failed with command - python main.py -c 2001_infer -ex  --pretrained=./log/EfficinetGCNB0/lite_train_lite_infer/norm_train_gpus_0/model.pdparams --save-inference-dir=./log/EfficinetGCNB0/lite_train_lite_infer/norm_train_gpus_0!  [0m
[33m Run failed with command - python infer.py --use-gpu=True --model-dir=./log/EfficinetGCNB0/lite_train_lite_infer/norm_train_gpus_0 --batch-size=10   --benchmark=True > ./log/EfficinetGCNB0/lite_train_lite_infer/python_infer_gpu_batchsize_10.log 2>&1 !  [0m
[33m Run failed with command - python infer.py --use-gpu=False --model-dir=./log/EfficinetGCNB0/lite_train_lite_infer/norm_train_gpus_0 --batch-size=10   --benchmark=True > ./log/EfficinetGCNB0/lite_train_lite_infer/python_infer_cpu_batchsize_10.log 2>&1 !  [0m
[33m Run successfully with command - python main.py -c 2001_infer --work_dir=./log/EfficinetGCNB0/lite_train_lite_infer/norm_train_gpus_0      !  [0m
[33m Run successfully with command - python main.py -e -c 2001_infer --pretrained=./log/EfficinetGCNB0/lite_train_lite_infer/norm_train_gpus_0/model.pdparams!  [0m
[33m Run failed with command - python main.py -c 2001_infer -ex  --pp=./log/EfficinetGCNB0/lite_train_lite_infer/norm_train_gpus_0/model.pdparams =./log/EfficinetGCNB0/lite_train_lite_infer/norm_train_gpus_0!  [0m
[33m Run failed with command - python infer.py --use-gpu=True --model-dir=./log/EfficinetGCNB0/lite_train_lite_infer/norm_train_gpus_0 --batch-size=10   --benchmark=True > ./log/EfficinetGCNB0/lite_train_lite_infer/python_infer_gpu_batchsize_10.log 2>&1 !  [0m
[33m Run failed with command - python infer.py --use-gpu=False --model-dir=./log/EfficinetGCNB0/lite_train_lite_infer/norm_train_gpus_0 --batch-size=10   --benchmark=True > ./log/EfficinetGCNB0/lite_train_lite_infer/python_infer_cpu_batchsize_10.log 2>&1 !  [0m
[33m Run successfully with command - python main.py -c 2001_infer --work_dir=./log/EfficinetGCNB0/lite_train_lite_infer/norm_train_gpus_0      !  [0m
[33m Run successfully with command - python main.py -e -c 2001_infer --pretrained=./log/EfficinetGCNB0/lite_train_lite_infer/norm_train_gpus_0/model.pdparams!  [0m
[33m Run failed with command - python main.py -c 2001_infer -ex  --pp=./log/EfficinetGCNB0/lite_train_lite_infer/norm_train_gpus_0/model.pdparams =./log/EfficinetGCNB0/lite_train_lite_infer/norm_train_gpus_0!  [0m
[33m Run failed with command - python infer.py --use-gpu=True --model-dir=./log/EfficinetGCNB0/lite_train_lite_infer/norm_train_gpus_0 --batch-size=10   --benchmark=True > ./log/EfficinetGCNB0/lite_train_lite_infer/python_infer_gpu_batchsize_10.log 2>&1 !  [0m
[33m Run failed with command - python infer.py --use-gpu=False --model-dir=./log/EfficinetGCNB0/lite_train_lite_infer/norm_train_gpus_0 --batch-size=10   --benchmark=True > ./log/EfficinetGCNB0/lite_train_lite_infer/python_infer_cpu_batchsize_10.log 2>&1 !  [0m
[33m Run successfully with command - python main.py -c 2001_infer --work_dir=./log/EfficinetGCNB0/lite_train_lite_infer/norm_train_gpus_0      !  [0m
[33m Run successfully with command - python main.py -e -c 2001_infer --pretrained=./log/EfficinetGCNB0/lite_train_lite_infer/norm_train_gpus_0/model.pdparams!  [0m
[33m Run failed with command - python main.py -c 2001_infer -ex  --pretrained=./log/EfficinetGCNB0/lite_train_lite_infer/norm_train_gpus_0/model.pdparams --save-inference-dir=./log/EfficinetGCNB0/lite_train_lite_infer/norm_train_gpus_0!  [0m
[33m Run failed with command - python infer.py --use-gpu=True --model-dir=./log/EfficinetGCNB0/lite_train_lite_infer/norm_train_gpus_0 --batch-size=10   --benchmark=True > ./log/EfficinetGCNB0/lite_train_lite_infer/python_infer_gpu_batchsize_10.log 2>&1 !  [0m
[33m Run failed with command - python infer.py --use-gpu=False --model-dir=./log/EfficinetGCNB0/lite_train_lite_infer/norm_train_gpus_0 --batch-size=10   --benchmark=True > ./log/EfficinetGCNB0/lite_train_lite_infer/python_infer_cpu_batchsize_10.log 2>&1 !  [0m
[33m Run successfully with command - python main.py -c 2001_infer --work_dir=./log/EfficinetGCNB0/lite_train_lite_infer/norm_train_gpus_0      !  [0m
[33m Run successfully with command - python main.py -e -c 2001_infer --pretrained=./log/EfficinetGCNB0/lite_train_lite_infer/norm_train_gpus_0/model.pdparams!  [0m
[33m Run successfully with command - python main.py -c 2001_infer -ex  --pretrained=./log/EfficinetGCNB0/lite_train_lite_infer/norm_train_gpus_0/model.pdparams!  [0m
[33m Run failed with command - python infer.py --use-gpu=True --model-dir=./log/EfficinetGCNB0/lite_train_lite_infer/norm_train_gpus_0 --batch-size=10   --benchmark=True > ./log/EfficinetGCNB0/lite_train_lite_infer/python_infer_gpu_batchsize_10.log 2>&1 !  [0m
[33m Run failed with command - python infer.py --use-gpu=False --model-dir=./log/EfficinetGCNB0/lite_train_lite_infer/norm_train_gpus_0 --batch-size=10   --benchmark=True > ./log/EfficinetGCNB0/lite_train_lite_infer/python_infer_cpu_batchsize_10.log 2>&1 !  [0m
[33m Run successfully with command - python main.py -c 2001_infer --work_dir=./log/EfficinetGCNB0/lite_train_lite_infer/norm_train_gpus_0      !  [0m
[33m Run successfully with command - python main.py -e -c 2001_infer --pretrained=./log/EfficinetGCNB0/lite_train_lite_infer/norm_train_gpus_0/model.pdparams!  [0m
[33m Run successfully with command - python main.py -c 2001_infer -ex  --pretrained=./log/EfficinetGCNB0/lite_train_lite_infer/norm_train_gpus_0/model.pdparams!  [0m
[33m Run failed with command - python infer.py --use-gpu=True --data_file=./log/EfficinetGCNB0/lite_train_lite_infer/norm_train_gpus_0 --batch_size=16   --model_file=model.pdimodel > ./log/EfficinetGCNB0/lite_train_lite_infer/python_infer_gpu_batchsize_16.log 2>&1 !  [0m
[33m Run failed with command - python infer.py --use-gpu=False --data_file=./log/EfficinetGCNB0/lite_train_lite_infer/norm_train_gpus_0 --batch_size=16   --model_file=model.pdimodel > ./log/EfficinetGCNB0/lite_train_lite_infer/python_infer_cpu_batchsize_16.log 2>&1 !  [0m
[33m Run successfully with command - python main.py -c 2001_infer --work_dir=./log/EfficinetGCNB0/lite_train_lite_infer/norm_train_gpus_0      !  [0m
[33m Run successfully with command - python main.py -e -c 2001_infer --pretrained=./log/EfficinetGCNB0/lite_train_lite_infer/norm_train_gpus_0/model.pdparams!  [0m
[33m Run successfully with command - python main.py -c 2001_infer -ex  --pretrained=./log/EfficinetGCNB0/lite_train_lite_infer/norm_train_gpus_0/model.pdparams!  [0m
[33m Run failed with command - python infer.py --use-gpu=True --data_file=./log/EfficinetGCNB0/lite_train_lite_infer/norm_train_gpus_0 --batch_size=16   --model_file=model.pdimodel > ./log/EfficinetGCNB0/lite_train_lite_infer/python_infer_gpu_batchsize_16.log 2>&1 !  [0m
[33m Run failed with command - python infer.py --use-gpu=False --data_file=./log/EfficinetGCNB0/lite_train_lite_infer/norm_train_gpus_0 --batch_size=16   --model_file=model.pdimodel > ./log/EfficinetGCNB0/lite_train_lite_infer/python_infer_cpu_batchsize_16.log 2>&1 !  [0m
[33m Run successfully with command - python main.py -c 2001_infer --work_dir=./log/EfficinetGCNB0/lite_train_lite_infer/norm_train_gpus_0      !  [0m
[33m Run successfully with command - python main.py -e -c 2001_infer --pretrained=./log/EfficinetGCNB0/lite_train_lite_infer/norm_train_gpus_0/model.pdparams!  [0m
[33m Run successfully with command - python main.py -c 2001_infer -ex  --pretrained=./log/EfficinetGCNB0/lite_train_lite_infer/norm_train_gpus_0/model.pdparams!  [0m
[33m Run failed with command - python infer.py --use-gpu=True --data_file=./log/EfficinetGCNB0/lite_train_lite_infer/norm_train_gpus_0 --b=16   --model_file=model.pdimodel > ./log/EfficinetGCNB0/lite_train_lite_infer/python_infer_gpu_batchsize_16.log 2>&1 !  [0m
[33m Run failed with command - python infer.py --use-gpu=False --data_file=./log/EfficinetGCNB0/lite_train_lite_infer/norm_train_gpus_0 --b=16   --model_file=model.pdimodel > ./log/EfficinetGCNB0/lite_train_lite_infer/python_infer_cpu_batchsize_16.log 2>&1 !  [0m
[33m Run successfully with command - python main.py -c 2001_infer --work_dir=./log/EfficinetGCNB0/lite_train_lite_infer/norm_train_gpus_0      !  [0m
[33m Run successfully with command - python main.py -e -c 2001_infer --pretrained=./log/EfficinetGCNB0/lite_train_lite_infer/norm_train_gpus_0/model.pdparams!  [0m
[33m Run successfully with command - python main.py -c 2001_infer -ex  --pretrained=./log/EfficinetGCNB0/lite_train_lite_infer/norm_train_gpus_0/model.pdparams!  [0m
[33m Run failed with command - python infer.py --use-gpu=True --data_file=./log/EfficinetGCNB0/lite_train_lite_infer/norm_train_gpus_0 -b=16   --model_file=model.pdimodel > ./log/EfficinetGCNB0/lite_train_lite_infer/python_infer_gpu_batchsize_16.log 2>&1 !  [0m
[33m Run failed with command - python infer.py --use-gpu=False --data_file=./log/EfficinetGCNB0/lite_train_lite_infer/norm_train_gpus_0 -b=16   --model_file=model.pdimodel > ./log/EfficinetGCNB0/lite_train_lite_infer/python_infer_cpu_batchsize_16.log 2>&1 !  [0m
[33m Run successfully with command - python main.py -c 2001_infer --work_dir=./log/EfficinetGCNB0/lite_train_lite_infer/norm_train_gpus_0      !  [0m
[33m Run successfully with command - python main.py -e -c 2001_infer --pretrained=./log/EfficinetGCNB0/lite_train_lite_infer/norm_train_gpus_0/model.pdparams!  [0m
[33m Run successfully with command - python main.py -c 2001_infer -ex  --pretrained=./log/EfficinetGCNB0/lite_train_lite_infer/norm_train_gpus_0/model.pdparams!  [0m
[33m Run failed with command - python infer.py --use-gpu=True --data_file=./log/EfficinetGCNB0/lite_train_lite_infer/norm_train_gpus_0 -b=16   --model_file=model.pdimodel > ./log/EfficinetGCNB0/lite_train_lite_infer/python_infer_gpu_batchsize_16.log 2>&1 !  [0m
[33m Run failed with command - python infer.py --use-gpu=False --data_file=./log/EfficinetGCNB0/lite_train_lite_infer/norm_train_gpus_0 -b=16   --model_file=model.pdimodel > ./log/EfficinetGCNB0/lite_train_lite_infer/python_infer_cpu_batchsize_16.log 2>&1 !  [0m
[33m Run successfully with command - python main.py -c 2001_infer --work_dir=./log/EfficinetGCNB0/lite_train_lite_infer/norm_train_gpus_0      !  [0m
[33m Run successfully with command - python main.py -e -c 2001_infer --pretrained=./log/EfficinetGCNB0/lite_train_lite_infer/norm_train_gpus_0/model.pdparams!  [0m
[33m Run successfully with command - python main.py -c 2001_infer -ex  --pretrained=./log/EfficinetGCNB0/lite_train_lite_infer/norm_train_gpus_0/model.pdparams!  [0m
[33m Run failed with command - python infer.py --data_file --use-gpu=True --model_file=./log/EfficinetGCNB0/lite_train_lite_infer/norm_train_gpus_0 -b=16     > ./log/EfficinetGCNB0/lite_train_lite_infer/python_infer_gpu_batchsize_16.log 2>&1 !  [0m
[33m Run failed with command - python infer.py --data_file --use-gpu=False --model_file=./log/EfficinetGCNB0/lite_train_lite_infer/norm_train_gpus_0 -b=16     > ./log/EfficinetGCNB0/lite_train_lite_infer/python_infer_cpu_batchsize_16.log 2>&1 !  [0m
[33m Run successfully with command - python main.py -c 2001_infer --work_dir=./log/EfficinetGCNB0/lite_train_lite_infer/norm_train_gpus_0      !  [0m
[33m Run successfully with command - python main.py -e -c 2001_infer --pretrained=./log/EfficinetGCNB0/lite_train_lite_infer/norm_train_gpus_0/model.pdparams!  [0m
[33m Run successfully with command - python main.py -c 2001_infer -ex  --pretrained=./log/EfficinetGCNB0/lite_train_lite_infer/norm_train_gpus_0/model.pdparams!  [0m
[33m Run failed with command - python infer.py --use-gpu=True --model-dir=./log/EfficinetGCNB0/lite_train_lite_infer/norm_train_gpus_0 --batch-size=16   --benchmark=True > ./log/EfficinetGCNB0/lite_train_lite_infer/python_infer_gpu_batchsize_16.log 2>&1 !  [0m
[33m Run failed with command - python infer.py --use-gpu=False --model-dir=./log/EfficinetGCNB0/lite_train_lite_infer/norm_train_gpus_0 --batch-size=16   --benchmark=True > ./log/EfficinetGCNB0/lite_train_lite_infer/python_infer_cpu_batchsize_16.log 2>&1 !  [0m
[33m Run successfully with command - python main.py -c 2001_infer --work_dir=./log/EfficinetGCNB0/lite_train_lite_infer/norm_train_gpus_0      !  [0m
[33m Run successfully with command - python main.py -e -c 2001_infer --pretrained=./log/EfficinetGCNB0/lite_train_lite_infer/norm_train_gpus_0/model.pdparams!  [0m
[33m Run successfully with command - python main.py -c 2001_infer -ex  --pretrained=./log/EfficinetGCNB0/lite_train_lite_infer/norm_train_gpus_0/model.pdparams!  [0m
[33m Run failed with command - python infer.py --use-gpu=True --batch_size=16   --benchmark=True > ./log/EfficinetGCNB0/lite_train_lite_infer/python_infer_gpu_batchsize_16.log 2>&1 !  [0m
[33m Run failed with command - python infer.py --use-gpu=False --batch_size=16   --benchmark=True > ./log/EfficinetGCNB0/lite_train_lite_infer/python_infer_cpu_batchsize_16.log 2>&1 !  [0m
[33m Run successfully with command - python main.py -c 2001_infer --work_dir=./log/EfficinetGCNB0/lite_train_lite_infer/norm_train_gpus_0      !  [0m
[33m Run successfully with command - python main.py -e -c 2001_infer --pretrained=./log/EfficinetGCNB0/lite_train_lite_infer/norm_train_gpus_0/model.pdparams!  [0m
[33m Run successfully with command - python main.py -c 2001_infer -ex  --pretrained=./log/EfficinetGCNB0/lite_train_lite_infer/norm_train_gpus_0/model.pdparams!  [0m
[33m Run failed with command - python infer.py --data_file ./data/ntu/tiny_dataset/original/ntu-xsub/eval_data.npy --use-gpu=True --batch_size=16   --benchmark=True > ./log/EfficinetGCNB0/lite_train_lite_infer/python_infer_gpu_batchsize_16.log 2>&1 !  [0m
[33m Run failed with command - python infer.py --data_file ./data/ntu/tiny_dataset/original/ntu-xsub/eval_data.npy --use-gpu=False --batch_size=16   --benchmark=True > ./log/EfficinetGCNB0/lite_train_lite_infer/python_infer_cpu_batchsize_16.log 2>&1 !  [0m
[33m Run successfully with command - python main.py -c 2001_infer --work_dir=./log/EfficinetGCNB0/lite_train_lite_infer/norm_train_gpus_0      !  [0m
[33m Run successfully with command - python main.py -e -c 2001_infer --pretrained=./log/EfficinetGCNB0/lite_train_lite_infer/norm_train_gpus_0/model.pdparams!  [0m
[33m Run successfully with command - python main.py -c 2001_infer -ex  --pretrained=./log/EfficinetGCNB0/lite_train_lite_infer/norm_train_gpus_0/model.pdparams!  [0m
[33m Run failed with command - python infer.py --data_file ./data/ntu/tiny_dataset/original/ntu-xsub/eval_data.npy --label_file ./data/ntu/tiny_dataset/original/ntu-xsub/eval_data.npy --use-gpu=True --batch_size=16   --benchmark=True > ./log/EfficinetGCNB0/lite_train_lite_infer/python_infer_gpu_batchsize_16.log 2>&1 !  [0m
[33m Run failed with command - python infer.py --data_file ./data/ntu/tiny_dataset/original/ntu-xsub/eval_data.npy --label_file ./data/ntu/tiny_dataset/original/ntu-xsub/eval_data.npy --use-gpu=False --batch_size=16   --benchmark=True > ./log/EfficinetGCNB0/lite_train_lite_infer/python_infer_cpu_batchsize_16.log 2>&1 !  [0m
[33m Run successfully with command - python main.py -c 2001_infer --work_dir=./log/EfficinetGCNB0/lite_train_lite_infer/norm_train_gpus_0      !  [0m
[33m Run successfully with command - python main.py -e -c 2001_infer --pretrained=./log/EfficinetGCNB0/lite_train_lite_infer/norm_train_gpus_0/model.pdparams!  [0m
[33m Run successfully with command - python main.py -c 2001_infer -ex  --pretrained=./log/EfficinetGCNB0/lite_train_lite_infer/norm_train_gpus_0/model.pdparams!  [0m
[33m Run failed with command - python infer.py --data_file ./data/ntu/tiny_dataset/original/ntu-xsub/eval_data.npy --label_file ./data/ntu/tiny_dataset/original/ntu-xsub/eval_data.npy --use-gpu=True =--model_file --batch_size=16   --benchmark=True > ./log/EfficinetGCNB0/lite_train_lite_infer/python_infer_gpu_batchsize_16.log 2>&1 !  [0m
[33m Run failed with command - python infer.py --data_file ./data/ntu/tiny_dataset/original/ntu-xsub/eval_data.npy --label_file ./data/ntu/tiny_dataset/original/ntu-xsub/eval_data.npy --use-gpu=False =--model_file --batch_size=16   --benchmark=True > ./log/EfficinetGCNB0/lite_train_lite_infer/python_infer_cpu_batchsize_16.log 2>&1 !  [0m
[33m Run successfully with command - python main.py -c 2001_infer --work_dir=./log/EfficinetGCNB0/lite_train_lite_infer/norm_train_gpus_0      !  [0m
[33m Run successfully with command - python main.py -e -c 2001_infer --pretrained=./log/EfficinetGCNB0/lite_train_lite_infer/norm_train_gpus_0/model.pdparams!  [0m
[33m Run successfully with command - python main.py -c 2001_infer -ex  --pretrained=./log/EfficinetGCNB0/lite_train_lite_infer/norm_train_gpus_0/model.pdparams!  [0m
[33m Run failed with command - python infer.py --data_file ./data/ntu/tiny_dataset/original/ntu-xsub/eval_data.npy --label_file ./data/ntu/tiny_dataset/original/ntu-xsub/eval_data.npy --use-gpu=True --model_file=./log/EfficinetGCNB0/lite_train_lite_infer/norm_train_gpus_0 --batch_size=16   --benchmark=True > ./log/EfficinetGCNB0/lite_train_lite_infer/python_infer_gpu_batchsize_16.log 2>&1 !  [0m
[33m Run failed with command - python infer.py --data_file ./data/ntu/tiny_dataset/original/ntu-xsub/eval_data.npy --label_file ./data/ntu/tiny_dataset/original/ntu-xsub/eval_data.npy --use-gpu=False --model_file=./log/EfficinetGCNB0/lite_train_lite_infer/norm_train_gpus_0 --batch_size=16   --benchmark=True > ./log/EfficinetGCNB0/lite_train_lite_infer/python_infer_cpu_batchsize_16.log 2>&1 !  [0m
[33m Run successfully with command - python main.py -c 2001_infer --work_dir=./log/EfficinetGCNB0/lite_train_lite_infer/norm_train_gpus_0      !  [0m
[33m Run successfully with command - python main.py -e -c 2001_infer --pretrained=./log/EfficinetGCNB0/lite_train_lite_infer/norm_train_gpus_0/model.pdparams!  [0m
[33m Run successfully with command - python main.py -c 2001_infer -ex  --pretrained=./log/EfficinetGCNB0/lite_train_lite_infer/norm_train_gpus_0/model.pdparams!  [0m
[33m Run failed with command - python infer.py --data_file ./data/ntu/tiny_dataset/original/ntu-xsub/eval_data.npy --label_file ./data/ntu/tiny_dataset/original/ntu-xsub/eval_data.npy --use-gpu=True --model_file=./log/EfficinetGCNB0/lite_train_lite_infer/norm_train_gpus_0/model.pdimodel --batch_size=16   --benchmark=True > ./log/EfficinetGCNB0/lite_train_lite_infer/python_infer_gpu_batchsize_16.log 2>&1 !  [0m
[33m Run failed with command - python infer.py --data_file ./data/ntu/tiny_dataset/original/ntu-xsub/eval_data.npy --label_file ./data/ntu/tiny_dataset/original/ntu-xsub/eval_data.npy --use-gpu=False --model_file=./log/EfficinetGCNB0/lite_train_lite_infer/norm_train_gpus_0/model.pdimodel --batch_size=16   --benchmark=True > ./log/EfficinetGCNB0/lite_train_lite_infer/python_infer_cpu_batchsize_16.log 2>&1 !  [0m
[33m Run successfully with command - python main.py -c 2001_infer --work_dir=./log/EfficinetGCNB0/lite_train_lite_infer/norm_train_gpus_0      !  [0m
[33m Run successfully with command - python main.py -e -c 2001_infer --pretrained=./log/EfficinetGCNB0/lite_train_lite_infer/norm_train_gpus_0/model.pdparams!  [0m
[33m Run successfully with command - python main.py -c 2001_infer -ex  --pretrained=./log/EfficinetGCNB0/lite_train_lite_infer/norm_train_gpus_0/model.pdparams!  [0m
[33m Run failed with command - python infer.py   --use-gpu=True     --model_file=./log/EfficinetGCNB0/lite_train_lite_infer/norm_train_gpus_0/model.pdimodel --batch_size=16   --benchmark=True > ./log/EfficinetGCNB0/lite_train_lite_infer/python_infer_gpu_batchsize_16.log 2>&1 !  [0m
[33m Run failed with command - python infer.py   --use-gpu=False     --model_file=./log/EfficinetGCNB0/lite_train_lite_infer/norm_train_gpus_0/model.pdimodel --batch_size=16   --benchmark=True > ./log/EfficinetGCNB0/lite_train_lite_infer/python_infer_cpu_batchsize_16.log 2>&1 !  [0m
[33m Run successfully with command - python main.py -c 2001_infer --work_dir=./log/EfficinetGCNB0/lite_train_lite_infer/norm_train_gpus_0      !  [0m
[33m Run successfully with command - python main.py -e -c 2001_infer --pretrained=./log/EfficinetGCNB0/lite_train_lite_infer/norm_train_gpus_0/model.pdparams!  [0m
[33m Run successfully with command - python main.py -c 2001_infer -ex  --pretrained=./log/EfficinetGCNB0/lite_train_lite_infer/norm_train_gpus_0/model.pdparams!  [0m
[33m Run failed with command - python infer.py   --params_file=model.pdiparams --use-gpu=True     --model_file=./log/EfficinetGCNB0/lite_train_lite_infer/norm_train_gpus_0/model.pdimodel --batch_size=16 --params_file=model.pdiparams --benchmark=True > ./log/EfficinetGCNB0/lite_train_lite_infer/python_infer_gpu_batchsize_16.log 2>&1 !  [0m
[33m Run failed with command - python infer.py   --params_file=model.pdiparams --use-gpu=False     --model_file=./log/EfficinetGCNB0/lite_train_lite_infer/norm_train_gpus_0/model.pdimodel --batch_size=16 --params_file=model.pdiparams --benchmark=True > ./log/EfficinetGCNB0/lite_train_lite_infer/python_infer_cpu_batchsize_16.log 2>&1 !  [0m
[33m Run successfully with command - python main.py -c 2001_infer --work_dir=./log/EfficinetGCNB0/lite_train_lite_infer/norm_train_gpus_0      !  [0m
[33m Run successfully with command - python main.py -e -c 2001_infer --pretrained=./log/EfficinetGCNB0/lite_train_lite_infer/norm_train_gpus_0/model.pdparams!  [0m
[33m Run successfully with command - python main.py -c 2001_infer -ex  --pretrained=./log/EfficinetGCNB0/lite_train_lite_infer/norm_train_gpus_0/model.pdparams!  [0m
[33m Run failed with command - python infer.py   --use-gpu=True     --model_file=./log/EfficinetGCNB0/lite_train_lite_infer/norm_train_gpus_0/model.pdimodel --batch_size=16 --params_file=model.pdiparams --benchmark=True > ./log/EfficinetGCNB0/lite_train_lite_infer/python_infer_gpu_batchsize_16.log 2>&1 !  [0m
[33m Run failed with command - python infer.py   --use-gpu=False     --model_file=./log/EfficinetGCNB0/lite_train_lite_infer/norm_train_gpus_0/model.pdimodel --batch_size=16 --params_file=model.pdiparams --benchmark=True > ./log/EfficinetGCNB0/lite_train_lite_infer/python_infer_cpu_batchsize_16.log 2>&1 !  [0m
[33m Run successfully with command - python main.py -c 2001_infer --work_dir=./log/EfficinetGCNB0/lite_train_lite_infer/norm_train_gpus_0      !  [0m
[33m Run successfully with command - python main.py -e -c 2001_infer --pretrained=./log/EfficinetGCNB0/lite_train_lite_infer/norm_train_gpus_0/model.pdparams!  [0m
[33m Run successfully with command - python main.py -c 2001_infer -ex  --pretrained=./log/EfficinetGCNB0/lite_train_lite_infer/norm_train_gpus_0/model.pdparams!  [0m
[33m Run failed with command - python infer.py   --use-gpu=True     --model_file=./log/EfficinetGCNB0/lite_train_lite_infer/norm_train_gpus_0/model.pdimodel --batch_size=16 --params_file=./log/EfficinetGCNB0/lite_train_lite_infer/norm_train_gpus_0/model.pdiparams --benchmark=True > ./log/EfficinetGCNB0/lite_train_lite_infer/python_infer_gpu_batchsize_16.log 2>&1 !  [0m
[33m Run failed with command - python infer.py   --use-gpu=False     --model_file=./log/EfficinetGCNB0/lite_train_lite_infer/norm_train_gpus_0/model.pdimodel --batch_size=16 --params_file=./log/EfficinetGCNB0/lite_train_lite_infer/norm_train_gpus_0/model.pdiparams --benchmark=True > ./log/EfficinetGCNB0/lite_train_lite_infer/python_infer_cpu_batchsize_16.log 2>&1 !  [0m
[33m Run successfully with command - python main.py -c 2001_infer --work_dir=./log/EfficinetGCNB0/lite_train_lite_infer/norm_train_gpus_0      !  [0m
[33m Run successfully with command - python main.py -e -c 2001_infer --pretrained=./log/EfficinetGCNB0/lite_train_lite_infer/norm_train_gpus_0/model.pdparams!  [0m
[33m Run successfully with command - python main.py -c 2001_infer -ex  --pretrained=./log/EfficinetGCNB0/lite_train_lite_infer/norm_train_gpus_0/model.pdparams!  [0m
[33m Run failed with command - python infer.py  --data_file ./data/ntu/tiny_dataset/original/ntu-xsub/eval_data.npy --label_file ./data/ntu/tiny_dataset/original/ntu-xsub/eval_data.npy --use-gpu=True     --model_file=./log/EfficinetGCNB0/lite_train_lite_infer/norm_train_gpus_0/model.pdimodel --batch_size=16 --params_file=./log/EfficinetGCNB0/lite_train_lite_infer/norm_train_gpus_0/model.pdiparams --benchmark=True > ./log/EfficinetGCNB0/lite_train_lite_infer/python_infer_gpu_batchsize_16.log 2>&1 !  [0m
[33m Run failed with command - python infer.py  --data_file ./data/ntu/tiny_dataset/original/ntu-xsub/eval_data.npy --label_file ./data/ntu/tiny_dataset/original/ntu-xsub/eval_data.npy --use-gpu=False     --model_file=./log/EfficinetGCNB0/lite_train_lite_infer/norm_train_gpus_0/model.pdimodel --batch_size=16 --params_file=./log/EfficinetGCNB0/lite_train_lite_infer/norm_train_gpus_0/model.pdiparams --benchmark=True > ./log/EfficinetGCNB0/lite_train_lite_infer/python_infer_cpu_batchsize_16.log 2>&1 !  [0m
[33m Run successfully with command - python main.py -c 2001_infer --work_dir=./log/EfficinetGCNB0/lite_train_lite_infer/norm_train_gpus_0      !  [0m
[33m Run successfully with command - python main.py -e -c 2001_infer --pretrained=./log/EfficinetGCNB0/lite_train_lite_infer/norm_train_gpus_0/model.pdparams!  [0m
[33m Run successfully with command - python main.py -c 2001_infer -ex  --pretrained=./log/EfficinetGCNB0/lite_train_lite_infer/norm_train_gpus_0/model.pdparams!  [0m
[33m Run successfully with command - python infer.py  --data_file ./data/ntu/tiny_dataset/original/ntu-xsub/eval_data.npy --label_file ./data/ntu/tiny_dataset/original/ntu-xsub/eval_label.pkl --use-gpu=True     --model_file=./log/EfficinetGCNB0/lite_train_lite_infer/norm_train_gpus_0/model.pdmodel -b=16 --params_file=./log/EfficinetGCNB0/lite_train_lite_infer/norm_train_gpus_0/model.pdiparams --benchmark=True > ./log/EfficinetGCNB0/lite_train_lite_infer/python_infer_gpu_batchsize_16.log 2>&1 !  [0m
[33m Run successfully with command - python infer.py  --data_file ./data/ntu/tiny_dataset/original/ntu-xsub/eval_data.npy --label_file ./data/ntu/tiny_dataset/original/ntu-xsub/eval_label.pkl --use-gpu=False     --model_file=./log/EfficinetGCNB0/lite_train_lite_infer/norm_train_gpus_0/model.pdmodel -b=16 --params_file=./log/EfficinetGCNB0/lite_train_lite_infer/norm_train_gpus_0/model.pdiparams --benchmark=True > ./log/EfficinetGCNB0/lite_train_lite_infer/python_infer_cpu_batchsize_16.log 2>&1 !  [0m
